#
# There is insufficient memory for the Java Runtime Environment to continue.
# Native memory allocation (malloc) failed to allocate 1048576 bytes for AllocateHeap
# Possible reasons:
#   The system is out of physical RAM or swap space
#   In 32 bit mode, the process size limit was hit
# Possible solutions:
#   Reduce memory load on the system
#   Increase physical memory or swap space
#   Check if swap backing store is full
#   Use 64 bit Java on a 64 bit OS
#   Decrease Java heap size (-Xmx/-Xms)
#   Decrease number of Java threads
#   Decrease Java thread stack sizes (-Xss)
#   Set larger code cache with -XX:ReservedCodeCacheSize=
# This output file may be truncated or incomplete.
#
#  Out of Memory Error (memory/allocation.inline.hpp:61), pid=6816, tid=6828
#
# JRE version:  (8.0_51-b16) (build )
# Java VM: Java HotSpot(TM) 64-Bit Server VM (25.51-b03 mixed mode windows-amd64 compressed oops)
# Failed to write core dump. Minidumps are not enabled by default on client versions of Windows
#

---------------  T H R E A D  ---------------

Current thread (0x00000000006d0800):  JavaThread "Unknown thread" [_thread_in_vm, id=6828, stack(0x00000000020b0000,0x00000000021b0000)]

Stack: [0x00000000020b0000,0x00000000021b0000]
Native frames: (J=compiled Java code, j=interpreted, Vv=VM code, C=native code)
V  [jvm.dll+0x32b4ca]
V  [jvm.dll+0x2797e3]
V  [jvm.dll+0x27a479]
V  [jvm.dll+0x271765]
V  [jvm.dll+0x1606]
V  [jvm.dll+0x2707d2]
V  [jvm.dll+0x3eec6a]
V  [jvm.dll+0x3ea537]
V  [jvm.dll+0xf2c22]
V  [jvm.dll+0x20f0a9]
V  [jvm.dll+0x240d2a]
V  [jvm.dll+0x15b9a1]
C  [java.exe+0x216e]
C  [java.exe+0xcd07]
C  [java.exe+0xcd9b]
C  [KERNEL32.DLL+0x18102]
C  [ntdll.dll+0x5c5b4]


---------------  P R O C E S S  ---------------

Java Threads: ( => current thread )

Other Threads:

=>0x00000000006d0800 (exited) JavaThread "Unknown thread" [_thread_in_vm, id=6828, stack(0x00000000020b0000,0x00000000021b0000)]

VM state:not at safepoint (normal execution)

VM Mutex/Monitor currently owned by a thread: None

Heap:
 PSYoungGen      total 18944K, used 327K [0x00000000eab00000, 0x00000000ec000000, 0x0000000100000000)
  eden space 16384K, 2% used [0x00000000eab00000,0x00000000eab51ec8,0x00000000ebb00000)
  from space 2560K, 0% used [0x00000000ebd80000,0x00000000ebd80000,0x00000000ec000000)
  to   space 2560K, 0% used [0x00000000ebb00000,0x00000000ebb00000,0x00000000ebd80000)
 ParOldGen       total 44032K, used 0K [0x00000000c0000000, 0x00000000c2b00000, 0x00000000eab00000)
  object space 44032K, 0% used [0x00000000c0000000,0x00000000c0000000,0x00000000c2b00000)
 Metaspace       used 766K, capacity 4480K, committed 4480K, reserved 1056768K
  class space    used 75K, capacity 384K, committed 384K, reserved 1048576K

Card table byte_map: [0x0000000011640000,0x0000000011850000] byte_map_base: 0x0000000011040000

Marking Bits: (ParMarkBitMap*) 0x0000000064ee4040
 Begin Bits: [0x0000000011db0000, 0x0000000012db0000)
 End Bits:   [0x0000000012db0000, 0x0000000013db0000)

Polling page: 0x00000000004f0000

CodeCache: size=245760Kb used=328Kb max_used=328Kb free=245431Kb
 bounds [0x0000000002280000, 0x00000000024f0000, 0x0000000011280000]
 total_blobs=57 nmethods=0 adapters=37
 compilation: enabled

Compilation events (0 events):
No events

GC Heap History (0 events):
No events

Deoptimization events (0 events):
No events

Internal exceptions (0 events):
No events

Events (10 events):
Event: 0.060 loading class java/lang/Short
Event: 0.060 loading class java/lang/Short done
Event: 0.060 loading class java/lang/Integer
Event: 0.060 loading class java/lang/Integer done
Event: 0.060 loading class java/lang/Long
Event: 0.061 loading class java/lang/Long done
Event: 0.061 loading class java/lang/NullPointerException
Event: 0.061 loading class java/lang/NullPointerException done
Event: 0.061 loading class java/lang/ArithmeticException
Event: 0.062 loading class java/lang/ArithmeticException done


Dynamic libraries:
0x00007ff63ed90000 - 0x00007ff63edc7000 	D:\Program Files\Java\jdk1.8.0_51\bin\java.exe
0x00007ffe862e0000 - 0x00007ffe864a1000 	C:\WINDOWS\SYSTEM32\ntdll.dll
0x00007ffe851e0000 - 0x00007ffe8528d000 	C:\WINDOWS\system32\KERNEL32.DLL
0x00007ffe834f0000 - 0x00007ffe836d8000 	C:\WINDOWS\system32\KERNELBASE.dll
0x00007ffe84d40000 - 0x00007ffe84de7000 	C:\WINDOWS\system32\ADVAPI32.dll
0x00007ffe85020000 - 0x00007ffe850bd000 	C:\WINDOWS\system32\msvcrt.dll
0x00007ffe83740000 - 0x00007ffe8379b000 	C:\WINDOWS\system32\sechost.dll
0x00007ffe850c0000 - 0x00007ffe851dc000 	C:\WINDOWS\system32\RPCRT4.dll
0x00007ffe85490000 - 0x00007ffe855e6000 	C:\WINDOWS\system32\USER32.dll
0x00007ffe85cb0000 - 0x00007ffe85e36000 	C:\WINDOWS\system32\GDI32.dll
0x00007ffe77e20000 - 0x00007ffe78094000 	C:\WINDOWS\WinSxS\amd64_microsoft.windows.common-controls_6595b64144ccf1df_6.0.10586.0_none_8c15ae12515e1c22\COMCTL32.dll
0x00007ffe86060000 - 0x00007ffe862dd000 	C:\WINDOWS\system32\combase.dll
0x00007ffe830a0000 - 0x00007ffe8310a000 	C:\WINDOWS\system32\bcryptPrimitives.dll
0x00007ffe85c70000 - 0x00007ffe85cab000 	C:\WINDOWS\system32\IMM32.DLL
0x00007ffe797a0000 - 0x00007ffe7980a000 	C:\Program Files (x86)\AVG\Av\avghooka.dll
0x0000000064f70000 - 0x0000000065042000 	D:\Program Files\Java\jdk1.8.0_51\jre\bin\msvcr100.dll
0x00000000646e0000 - 0x0000000064f63000 	D:\Program Files\Java\jdk1.8.0_51\jre\bin\server\jvm.dll
0x00007ffe837c0000 - 0x00007ffe837c8000 	C:\WINDOWS\system32\PSAPI.DLL
0x00007ffe763a0000 - 0x00007ffe763a9000 	C:\WINDOWS\SYSTEM32\WSOCK32.dll
0x00007ffe85e40000 - 0x00007ffe85eab000 	C:\WINDOWS\system32\WS2_32.dll
0x00007ffe80460000 - 0x00007ffe80483000 	C:\WINDOWS\SYSTEM32\WINMM.dll
0x00007ffe786a0000 - 0x00007ffe786aa000 	C:\WINDOWS\SYSTEM32\VERSION.dll
0x00007ffe80400000 - 0x00007ffe8042c000 	C:\WINDOWS\SYSTEM32\WINMMBASE.dll
0x00007ffe83220000 - 0x00007ffe83263000 	C:\WINDOWS\system32\cfgmgr32.dll
0x00000000646d0000 - 0x00000000646df000 	D:\Program Files\Java\jdk1.8.0_51\jre\bin\verify.dll
0x00000000646a0000 - 0x00000000646c9000 	D:\Program Files\Java\jdk1.8.0_51\jre\bin\java.dll
0x0000000064680000 - 0x0000000064696000 	D:\Program Files\Java\jdk1.8.0_51\jre\bin\zip.dll
0x00007ffe69590000 - 0x00007ffe6971c000 	C:\WINDOWS\SYSTEM32\dbghelp.dll

VM Arguments:
jvm_args: -Djava.awt.headless=true -Xmx1024M -Dfile.encoding=windows-1251 -Duser.country=RU -Duser.language=ru -Duser.variant 
java_command: com.android.dx.command.Main --dex --force-jumbo --num-threads=4 --multi-dex --output D:\AndroidApps\TabAndToolbar\app_b\build\intermediates\transforms\dex\debug\folders\1000\5\slice_3 D:\AndroidApps\TabAndToolbar\app_b\build\intermediates\transforms\instantRunSlicer\debug\folders\1\5\slice_3
java_class_path (initial): D:\Users\arso\AppData\Local\Android\sdk\build-tools\23.0.2\lib\dx.jar
Launcher Type: SUN_STANDARD

Environment Variables:
PATH=C:\ProgramData\Oracle\Java\javapath;C:\WINDOWS\system32;C:\WINDOWS;C:\WINDOWS\System32\Wbem;C:\WINDOWS\System32\WindowsPowerShell\v1.0\;C:\Program Files (x86)\Skype\Phone\;D:\cygwin64\bin;d:\TDM-GCC-32\bin;D:\Program Files (x86)\Microsoft Visual Studio\Common\Tools\WinNT;D:\Program Files (x86)\Microsoft Visual Studio\Common\MSDev98\Bin;D:\Program Files (x86)\Microsoft Visual Studio\Common\Tools;D:\Program Files (x86)\Microsoft Visual Studio\VC98\bin;d:\Program Files (x86)\OpenVPN\bin
USERNAME=arso
OS=Windows_NT
PROCESSOR_IDENTIFIER=Intel64 Family 6 Model 42 Stepping 7, GenuineIntel



---------------  S Y S T E M  ---------------

OS: Windows 10.0 , 64 bit Build 10586 (10.0.10586.0)

CPU:total 4 (2 cores per cpu, 2 threads per core) family 6 model 42 stepping 7, cmov, cx8, fxsr, mmx, sse, sse2, sse3, ssse3, sse4.1, sse4.2, popcnt, avx, clmul, ht, tsc, tscinvbit

Memory: 4k page, physical 4127092k(460180k free), swap 8039544k(50424k free)

vm_info: Java HotSpot(TM) 64-Bit Server VM (25.51-b03) for windows-amd64 JRE (1.8.0_51-b16), built on Jun  8 2015 18:03:07 by "java_re" with MS VC++ 10.0 (VS2010)

time: Sun May 22 20:11:53 2016
elapsed time: 1 seconds (0d 0h 0m 1s)

